Request Entry Point:  {"method":"POST","path":"api/product/create","query":[]}
ApiRoutes:  {"method":"POST","path":"api/product/create","query":[]}
handleRoutes with :  {"method":"POST","path":"api/product/create","query":[]}
Call Method {"instance":{"Abya\\PointOfSales\\Middlewares\\AuthMiddleware":[]},"methodName":"checkSession","args":[]}
Pass auth middleware 
User Authenticated :  {"data":{"id":3,"name":"abya admin","email":"abyaadmin@gmail.com","phone":"087765290292","nip":"00000000003","role":"Admin"}}
Call Method {"instance":{"Abya\\PointOfSales\\Controllers\\ProductController":[]},"methodName":"createProduct","args":[[]]}
Init Creating Product {"data":{"name":"Sabun Cuci Piring Sunlight 755ml","barcode":9888878888,"price":20000,"stock_qty":234,"is_active":true,"tax_rate":0.1,"discount":0.05,"cost_price":18000,"category_id":3}}
Error addProducts {"th":"[object] (ArgumentCountError(code: 0): Too few arguments to function Respect\\Validation\\Rules\\Decimal::__construct(), 0 passed and exactly 1 expected at D:\\Documents\\Programs\\php\\point-of-sales\\vendor\\respect\\validation\\library\\Rules\\Decimal.php:30)"}
Request Entry Point:  {"method":"POST","path":"api/product/create","query":[]}
ApiRoutes:  {"method":"POST","path":"api/product/create","query":[]}
handleRoutes with :  {"method":"POST","path":"api/product/create","query":[]}
Call Method {"instance":{"Abya\\PointOfSales\\Middlewares\\AuthMiddleware":[]},"methodName":"checkSession","args":[]}
Pass auth middleware 
User Authenticated :  {"data":{"id":3,"name":"abya admin","email":"abyaadmin@gmail.com","phone":"087765290292","nip":"00000000003","role":"Admin"}}
Call Method {"instance":{"Abya\\PointOfSales\\Controllers\\ProductController":[]},"methodName":"createProduct","args":[[]]}
Init Creating Product {"data":{"name":"Sabun Cuci Piring Sunlight 755ml","barcode":9888878888,"price":20000,"stock_qty":234,"is_active":true,"tax_rate":0.1,"discount":0.05,"cost_price":18000,"category_id":3}}
Pass Validation, Creating Product {"data":{"name":"Sabun Cuci Piring Sunlight 755ml","barcode":9888878888,"price":20000,"stock_qty":234,"is_active":true,"tax_rate":0.1,"discount":0.05,"cost_price":18000,"category_id":3}}
Request Entry Point:  {"method":"POST","path":"products/api/logout","query":[]}
WebRoutes:  {"method":"POST","path":"products/api/logout","query":[]}
handleRoutes with :  {"method":"POST","path":"products/api/logout","query":[]}
Request Entry Point:  {"method":"POST","path":"products/api/logout","query":[]}
WebRoutes:  {"method":"POST","path":"products/api/logout","query":[]}
handleRoutes with :  {"method":"POST","path":"products/api/logout","query":[]}
Request Entry Point:  {"method":"GET","path":"transaction","query":[]}
WebRoutes:  {"method":"GET","path":"transaction","query":[]}
handleRoutes with :  {"method":"GET","path":"transaction","query":[]}
Call Method {"instance":{"Abya\\PointOfSales\\Middlewares\\AuthMiddleware":[]},"methodName":"checkSession","args":[]}
Pass auth middleware 
User Authenticated :  {"data":{"id":3,"name":"abya admin","email":"abyaadmin@gmail.com","phone":"087765290292","nip":"00000000003","role":"Admin"}}
Call Method {"instance":{"Abya\\PointOfSales\\Controllers\\TransactionController":[]},"methodName":"index","args":[[]]}
Get Transaction Page 
Request Entry Point:  {"method":"GET","path":"","query":[]}
WebRoutes:  {"method":"GET","path":"","query":[]}
handleRoutes with :  {"method":"GET","path":"","query":[]}
Call Method {"instance":{"Abya\\PointOfSales\\Controllers\\DashboardController":[]},"methodName":"index","args":[[]]}
Get Dashboard Page 
Request Entry Point:  {"method":"GET","path":"api/config","query":[]}
ApiRoutes:  {"method":"GET","path":"api/config","query":[]}
handleRoutes with :  {"method":"GET","path":"api/config","query":[]}
Call Method {"instance":{"Abya\\PointOfSales\\Controllers\\ConfigController":[]},"methodName":"config","args":[[]]}
Request Entry Point:  {"method":"POST","path":"api/logout","query":[]}
ApiRoutes:  {"method":"POST","path":"api/logout","query":[]}
handleRoutes with :  {"method":"POST","path":"api/logout","query":[]}
Call Method {"instance":{"Abya\\PointOfSales\\Middlewares\\AuthMiddleware":[]},"methodName":"checkSession","args":[]}
Pass auth middleware 
User Authenticated :  {"data":{"id":3,"name":"abya admin","email":"abyaadmin@gmail.com","phone":"087765290292","nip":"00000000003","role":"Admin"}}
Call Method {"instance":{"Abya\\PointOfSales\\Controllers\\AuthController":[]},"methodName":"logout","args":[[]]}
Request Entry Point:  {"method":"GET","path":"login","query":[]}
WebRoutes:  {"method":"GET","path":"login","query":[]}
handleRoutes with :  {"method":"GET","path":"login","query":[]}
Call Method {"instance":{"Abya\\PointOfSales\\Controllers\\AuthController":[]},"methodName":"loginView","args":[[]]}
Request Entry Point:  {"method":"GET","path":"login","query":[]}
WebRoutes:  {"method":"GET","path":"login","query":[]}
handleRoutes with :  {"method":"GET","path":"login","query":[]}
Call Method {"instance":{"Abya\\PointOfSales\\Controllers\\AuthController":[]},"methodName":"loginView","args":[[]]}
Request Entry Point:  {"method":"POST","path":"api/login","query":[]}
ApiRoutes:  {"method":"POST","path":"api/login","query":[]}
handleRoutes with :  {"method":"POST","path":"api/login","query":[]}
Call Method {"instance":{"Abya\\PointOfSales\\Controllers\\AuthController":[]},"methodName":"login","args":[[]]}
Masuk Login Controller 
Masuk Login Service {"email":"abyaadmin@gmail.com","password":"abya-admin"}
User Data {"data":{"id":3,"name":"abya admin","email":"abyaadmin@gmail.com","nip":"00000000003","phone":"087765290292","password":"c980806539effac27d4b938deada573ec54a3e4c713b6514dbcc4b942c684a2e","created_at":"2025-04-10 11:23:17","updated_at":"2025-04-10 11:23:17"}}
Services: Login berhasil 
Controller: Login berhasil 
Request Entry Point:  {"method":"GET","path":"transaction","query":[]}
WebRoutes:  {"method":"GET","path":"transaction","query":[]}
handleRoutes with :  {"method":"GET","path":"transaction","query":[]}
Call Method {"instance":{"Abya\\PointOfSales\\Middlewares\\AuthMiddleware":[]},"methodName":"checkSession","args":[]}
Pass auth middleware 
User Authenticated :  {"data":{"id":3,"name":"abya admin","email":"abyaadmin@gmail.com","phone":"087765290292","nip":"00000000003","role":"Admin"}}
Call Method {"instance":{"Abya\\PointOfSales\\Controllers\\TransactionController":[]},"methodName":"index","args":[[]]}
Get Transaction Page 
Request Entry Point:  {"method":"GET","path":"transaction","query":[]}
WebRoutes:  {"method":"GET","path":"transaction","query":[]}
handleRoutes with :  {"method":"GET","path":"transaction","query":[]}
Call Method {"instance":{"Abya\\PointOfSales\\Middlewares\\AuthMiddleware":[]},"methodName":"checkSession","args":[]}
Pass auth middleware 
User Authenticated :  {"data":{"id":3,"name":"abya admin","email":"abyaadmin@gmail.com","phone":"087765290292","nip":"00000000003","role":"Admin"}}
Call Method {"instance":{"Abya\\PointOfSales\\Controllers\\TransactionController":[]},"methodName":"index","args":[[]]}
Get Transaction Page 
Request Entry Point:  {"method":"GET","path":"","query":[]}
WebRoutes:  {"method":"GET","path":"","query":[]}
handleRoutes with :  {"method":"GET","path":"","query":[]}
Call Method {"instance":{"Abya\\PointOfSales\\Controllers\\DashboardController":[]},"methodName":"index","args":[[]]}
Get Dashboard Page 
Request Entry Point:  {"method":"GET","path":"api/config","query":[]}
ApiRoutes:  {"method":"GET","path":"api/config","query":[]}
handleRoutes with :  {"method":"GET","path":"api/config","query":[]}
Call Method {"instance":{"Abya\\PointOfSales\\Controllers\\ConfigController":[]},"methodName":"config","args":[[]]}
Request Entry Point:  {"method":"GET","path":"dashboard","query":[]}
WebRoutes:  {"method":"GET","path":"dashboard","query":[]}
handleRoutes with :  {"method":"GET","path":"dashboard","query":[]}
Call Method {"instance":{"Abya\\PointOfSales\\Middlewares\\AuthMiddleware":[]},"methodName":"checkSession","args":[]}
Pass auth middleware 
User Authenticated :  {"data":{"id":3,"name":"abya admin","email":"abyaadmin@gmail.com","phone":"087765290292","nip":"00000000003","role":"Admin"}}
Call Method {"instance":{"Abya\\PointOfSales\\Controllers\\DashboardController":[]},"methodName":"dashboard","args":[[]]}
Get Dashboard Page 
Request Entry Point:  {"method":"GET","path":"","query":[]}
WebRoutes:  {"method":"GET","path":"","query":[]}
handleRoutes with :  {"method":"GET","path":"","query":[]}
Call Method {"instance":{"Abya\\PointOfSales\\Controllers\\DashboardController":[]},"methodName":"index","args":[[]]}
Get Dashboard Page 
Request Entry Point:  {"method":"GET","path":"api/config","query":[]}
ApiRoutes:  {"method":"GET","path":"api/config","query":[]}
handleRoutes with :  {"method":"GET","path":"api/config","query":[]}
Call Method {"instance":{"Abya\\PointOfSales\\Controllers\\ConfigController":[]},"methodName":"config","args":[[]]}
Request Entry Point:  {"method":"GET","path":"","query":[]}
WebRoutes:  {"method":"GET","path":"","query":[]}
handleRoutes with :  {"method":"GET","path":"","query":[]}
Call Method {"instance":{"Abya\\PointOfSales\\Controllers\\DashboardController":[]},"methodName":"index","args":[[]]}
Get Dashboard Page 
Request Entry Point:  {"method":"GET","path":"","query":[]}
WebRoutes:  {"method":"GET","path":"","query":[]}
handleRoutes with :  {"method":"GET","path":"","query":[]}
Call Method {"instance":{"Abya\\PointOfSales\\Controllers\\DashboardController":[]},"methodName":"index","args":[[]]}
Get Dashboard Page 
Request Entry Point:  {"method":"GET","path":"api/config","query":[]}
ApiRoutes:  {"method":"GET","path":"api/config","query":[]}
handleRoutes with :  {"method":"GET","path":"api/config","query":[]}
Call Method {"instance":{"Abya\\PointOfSales\\Controllers\\ConfigController":[]},"methodName":"config","args":[[]]}
Request Entry Point:  {"method":"GET","path":"transactions","query":[]}
WebRoutes:  {"method":"GET","path":"transactions","query":[]}
handleRoutes with :  {"method":"GET","path":"transactions","query":[]}
Call Method {"instance":{"Abya\\PointOfSales\\Middlewares\\AuthMiddleware":[]},"methodName":"checkSession","args":[]}
Pass auth middleware 
User Authenticated :  {"data":{"id":3,"name":"abya admin","email":"abyaadmin@gmail.com","phone":"087765290292","nip":"00000000003","role":"Admin"}}
Call Method {"instance":{"Abya\\PointOfSales\\Controllers\\TransactionController":[]},"methodName":"get","args":[[]]}
Get Transaction List Page 
Error Query findAll transactions {"e":"[object] (PDOException(code: 42S02): SQLSTATE[42S02]: Base table or view not found: 1146 Table 'db_pos.transactions' doesn't exist at D:\\Documents\\Programs\\php\\point-of-sales\\app\\Models\\Transaction.php:58)"}
Request Entry Point:  {"method":"GET","path":"transaction","query":[]}
WebRoutes:  {"method":"GET","path":"transaction","query":[]}
handleRoutes with :  {"method":"GET","path":"transaction","query":[]}
Call Method {"instance":{"Abya\\PointOfSales\\Middlewares\\AuthMiddleware":[]},"methodName":"checkSession","args":[]}
Pass auth middleware 
User Authenticated :  {"data":{"id":3,"name":"abya admin","email":"abyaadmin@gmail.com","phone":"087765290292","nip":"00000000003","role":"Admin"}}
Call Method {"instance":{"Abya\\PointOfSales\\Controllers\\TransactionController":[]},"methodName":"index","args":[[]]}
Get Transaction Page 
Request Entry Point:  {"method":"GET","path":"","query":[]}
WebRoutes:  {"method":"GET","path":"","query":[]}
handleRoutes with :  {"method":"GET","path":"","query":[]}
Call Method {"instance":{"Abya\\PointOfSales\\Controllers\\DashboardController":[]},"methodName":"index","args":[[]]}
Get Dashboard Page 
Request Entry Point:  {"method":"GET","path":"api/config","query":[]}
ApiRoutes:  {"method":"GET","path":"api/config","query":[]}
handleRoutes with :  {"method":"GET","path":"api/config","query":[]}
Call Method {"instance":{"Abya\\PointOfSales\\Controllers\\ConfigController":[]},"methodName":"config","args":[[]]}
Request Entry Point:  {"method":"GET","path":"transaction","query":[]}
WebRoutes:  {"method":"GET","path":"transaction","query":[]}
handleRoutes with :  {"method":"GET","path":"transaction","query":[]}
Call Method {"instance":{"Abya\\PointOfSales\\Middlewares\\AuthMiddleware":[]},"methodName":"checkSession","args":[]}
Pass auth middleware 
User Authenticated :  {"data":{"id":3,"name":"abya admin","email":"abyaadmin@gmail.com","phone":"087765290292","nip":"00000000003","role":"Admin"}}
Call Method {"instance":{"Abya\\PointOfSales\\Controllers\\TransactionController":[]},"methodName":"index","args":[[]]}
Get Transaction Page 
Request Entry Point:  {"method":"GET","path":"","query":[]}
WebRoutes:  {"method":"GET","path":"","query":[]}
handleRoutes with :  {"method":"GET","path":"","query":[]}
Call Method {"instance":{"Abya\\PointOfSales\\Controllers\\DashboardController":[]},"methodName":"index","args":[[]]}
Get Dashboard Page 
Request Entry Point:  {"method":"GET","path":"api/config","query":[]}
ApiRoutes:  {"method":"GET","path":"api/config","query":[]}
handleRoutes with :  {"method":"GET","path":"api/config","query":[]}
Call Method {"instance":{"Abya\\PointOfSales\\Controllers\\ConfigController":[]},"methodName":"config","args":[[]]}
Request Entry Point:  {"method":"POST","path":"api/products","query":[]}
ApiRoutes:  {"method":"POST","path":"api/products","query":[]}
handleRoutes with :  {"method":"POST","path":"api/products","query":[]}
Call Method {"instance":{"Abya\\PointOfSales\\Middlewares\\AuthMiddleware":[]},"methodName":"checkSession","args":[]}
Pass auth middleware 
User Authenticated :  {"data":{"id":3,"name":"abya admin","email":"abyaadmin@gmail.com","phone":"087765290292","nip":"00000000003","role":"Admin"}}
Call Method {"instance":{"Abya\\PointOfSales\\Controllers\\ProductController":[]},"methodName":"search","args":[[]]}
Search data with keyword {"keyword":"nive"}
Result Searching Data {"result":["NIVEA MEN Extra Bright 50ml"]}
Request Entry Point:  {"method":"POST","path":"api/product/name","query":[]}
ApiRoutes:  {"method":"POST","path":"api/product/name","query":[]}
handleRoutes with :  {"method":"POST","path":"api/product/name","query":[]}
Call Method {"instance":{"Abya\\PointOfSales\\Middlewares\\AuthMiddleware":[]},"methodName":"checkSession","args":[]}
Pass auth middleware 
User Authenticated :  {"data":{"id":3,"name":"abya admin","email":"abyaadmin@gmail.com","phone":"087765290292","nip":"00000000003","role":"Admin"}}
Call Method {"instance":{"Abya\\PointOfSales\\Controllers\\ProductController":[]},"methodName":"getProductByName","args":[[]]}
Get Product By Name {"name":"NIVEA MEN Extra Bright 50ml"}
Found Product by Name {"id":8,"barcode":"8999777888350","name":"NIVEA MEN Extra Bright 50ml","price":"25000.00","tax_rate":"0.10","discount":"0.08"}
Request Entry Point:  {"method":"POST","path":"api/products","query":[]}
ApiRoutes:  {"method":"POST","path":"api/products","query":[]}
handleRoutes with :  {"method":"POST","path":"api/products","query":[]}
Call Method {"instance":{"Abya\\PointOfSales\\Middlewares\\AuthMiddleware":[]},"methodName":"checkSession","args":[]}
Pass auth middleware 
User Authenticated :  {"data":{"id":3,"name":"abya admin","email":"abyaadmin@gmail.com","phone":"087765290292","nip":"00000000003","role":"Admin"}}
Call Method {"instance":{"Abya\\PointOfSales\\Controllers\\ProductController":[]},"methodName":"search","args":[[]]}
Search data with keyword {"keyword":"bis"}
Result Searching Data {"result":["Biskuit Roma Kelapa 300g"]}
Request Entry Point:  {"method":"POST","path":"api/product/name","query":[]}
ApiRoutes:  {"method":"POST","path":"api/product/name","query":[]}
handleRoutes with :  {"method":"POST","path":"api/product/name","query":[]}
Call Method {"instance":{"Abya\\PointOfSales\\Middlewares\\AuthMiddleware":[]},"methodName":"checkSession","args":[]}
Pass auth middleware 
User Authenticated :  {"data":{"id":3,"name":"abya admin","email":"abyaadmin@gmail.com","phone":"087765290292","nip":"00000000003","role":"Admin"}}
Call Method {"instance":{"Abya\\PointOfSales\\Controllers\\ProductController":[]},"methodName":"getProductByName","args":[[]]}
Get Product By Name {"name":"Biskuit Roma Kelapa 300g"}
Found Product by Name {"id":1,"barcode":"8991001101234","name":"Biskuit Roma Kelapa 300g","price":"12000.00","tax_rate":"0.10","discount":"0.00"}
Request Entry Point:  {"method":"GET","path":"transaction","query":[]}
WebRoutes:  {"method":"GET","path":"transaction","query":[]}
handleRoutes with :  {"method":"GET","path":"transaction","query":[]}
Call Method {"instance":{"Abya\\PointOfSales\\Middlewares\\AuthMiddleware":[]},"methodName":"checkSession","args":[]}
Pass auth middleware 
User Authenticated :  {"data":{"id":3,"name":"abya admin","email":"abyaadmin@gmail.com","phone":"087765290292","nip":"00000000003","role":"Admin"}}
Call Method {"instance":{"Abya\\PointOfSales\\Controllers\\TransactionController":[]},"methodName":"index","args":[[]]}
Get Transaction Page 
Request Entry Point:  {"method":"GET","path":"transaction","query":[]}
WebRoutes:  {"method":"GET","path":"transaction","query":[]}
handleRoutes with :  {"method":"GET","path":"transaction","query":[]}
Call Method {"instance":{"Abya\\PointOfSales\\Middlewares\\AuthMiddleware":[]},"methodName":"checkSession","args":[]}
Pass auth middleware 
User Authenticated :  {"data":{"id":3,"name":"abya admin","email":"abyaadmin@gmail.com","phone":"087765290292","nip":"00000000003","role":"Admin"}}
Call Method {"instance":{"Abya\\PointOfSales\\Controllers\\TransactionController":[]},"methodName":"index","args":[[]]}
Get Transaction Page 
Request Entry Point:  {"method":"GET","path":"","query":[]}
WebRoutes:  {"method":"GET","path":"","query":[]}
handleRoutes with :  {"method":"GET","path":"","query":[]}
Call Method {"instance":{"Abya\\PointOfSales\\Controllers\\DashboardController":[]},"methodName":"index","args":[[]]}
Get Dashboard Page 
Request Entry Point:  {"method":"GET","path":"api/config","query":[]}
ApiRoutes:  {"method":"GET","path":"api/config","query":[]}
handleRoutes with :  {"method":"GET","path":"api/config","query":[]}
Call Method {"instance":{"Abya\\PointOfSales\\Controllers\\ConfigController":[]},"methodName":"config","args":[[]]}
Request Entry Point:  {"method":"GET","path":"transaction","query":[]}
WebRoutes:  {"method":"GET","path":"transaction","query":[]}
handleRoutes with :  {"method":"GET","path":"transaction","query":[]}
Call Method {"instance":{"Abya\\PointOfSales\\Middlewares\\AuthMiddleware":[]},"methodName":"checkSession","args":[]}
Pass auth middleware 
User Authenticated :  {"data":{"id":3,"name":"abya admin","email":"abyaadmin@gmail.com","phone":"087765290292","nip":"00000000003","role":"Admin"}}
Call Method {"instance":{"Abya\\PointOfSales\\Controllers\\TransactionController":[]},"methodName":"index","args":[[]]}
Get Transaction Page 
Request Entry Point:  {"method":"GET","path":"","query":[]}
WebRoutes:  {"method":"GET","path":"","query":[]}
handleRoutes with :  {"method":"GET","path":"","query":[]}
Call Method {"instance":{"Abya\\PointOfSales\\Controllers\\DashboardController":[]},"methodName":"index","args":[[]]}
Get Dashboard Page 
Request Entry Point:  {"method":"GET","path":"api/config","query":[]}
ApiRoutes:  {"method":"GET","path":"api/config","query":[]}
handleRoutes with :  {"method":"GET","path":"api/config","query":[]}
Call Method {"instance":{"Abya\\PointOfSales\\Controllers\\ConfigController":[]},"methodName":"config","args":[[]]}
Request Entry Point:  {"method":"GET","path":"transaction","query":[]}
WebRoutes:  {"method":"GET","path":"transaction","query":[]}
handleRoutes with :  {"method":"GET","path":"transaction","query":[]}
Call Method {"instance":{"Abya\\PointOfSales\\Middlewares\\AuthMiddleware":[]},"methodName":"checkSession","args":[]}
Pass auth middleware 
User Authenticated :  {"data":{"id":3,"name":"abya admin","email":"abyaadmin@gmail.com","phone":"087765290292","nip":"00000000003","role":"Admin"}}
Call Method {"instance":{"Abya\\PointOfSales\\Controllers\\TransactionController":[]},"methodName":"index","args":[[]]}
Get Transaction Page 
Request Entry Point:  {"method":"GET","path":"transaction","query":[]}
WebRoutes:  {"method":"GET","path":"transaction","query":[]}
handleRoutes with :  {"method":"GET","path":"transaction","query":[]}
Call Method {"instance":{"Abya\\PointOfSales\\Middlewares\\AuthMiddleware":[]},"methodName":"checkSession","args":[]}
Pass auth middleware 
User Authenticated :  {"data":{"id":3,"name":"abya admin","email":"abyaadmin@gmail.com","phone":"087765290292","nip":"00000000003","role":"Admin"}}
Call Method {"instance":{"Abya\\PointOfSales\\Controllers\\TransactionController":[]},"methodName":"index","args":[[]]}
Get Transaction Page 
Request Entry Point:  {"method":"GET","path":"","query":[]}
WebRoutes:  {"method":"GET","path":"","query":[]}
handleRoutes with :  {"method":"GET","path":"","query":[]}
Call Method {"instance":{"Abya\\PointOfSales\\Controllers\\DashboardController":[]},"methodName":"index","args":[[]]}
Get Dashboard Page 
Request Entry Point:  {"method":"GET","path":"api/config","query":[]}
ApiRoutes:  {"method":"GET","path":"api/config","query":[]}
handleRoutes with :  {"method":"GET","path":"api/config","query":[]}
Call Method {"instance":{"Abya\\PointOfSales\\Controllers\\ConfigController":[]},"methodName":"config","args":[[]]}
Request Entry Point:  {"method":"GET","path":"transaction","query":[]}
WebRoutes:  {"method":"GET","path":"transaction","query":[]}
handleRoutes with :  {"method":"GET","path":"transaction","query":[]}
Call Method {"instance":{"Abya\\PointOfSales\\Middlewares\\AuthMiddleware":[]},"methodName":"checkSession","args":[]}
Pass auth middleware 
User Authenticated :  {"data":{"id":3,"name":"abya admin","email":"abyaadmin@gmail.com","phone":"087765290292","nip":"00000000003","role":"Admin"}}
Call Method {"instance":{"Abya\\PointOfSales\\Controllers\\TransactionController":[]},"methodName":"index","args":[[]]}
Get Transaction Page 
Request Entry Point:  {"method":"GET","path":"","query":[]}
WebRoutes:  {"method":"GET","path":"","query":[]}
handleRoutes with :  {"method":"GET","path":"","query":[]}
Call Method {"instance":{"Abya\\PointOfSales\\Controllers\\DashboardController":[]},"methodName":"index","args":[[]]}
Get Dashboard Page 
Request Entry Point:  {"method":"GET","path":"api/config","query":[]}
ApiRoutes:  {"method":"GET","path":"api/config","query":[]}
handleRoutes with :  {"method":"GET","path":"api/config","query":[]}
Call Method {"instance":{"Abya\\PointOfSales\\Controllers\\ConfigController":[]},"methodName":"config","args":[[]]}
Request Entry Point:  {"method":"GET","path":"product","query":[]}
WebRoutes:  {"method":"GET","path":"product","query":[]}
handleRoutes with :  {"method":"GET","path":"product","query":[]}
Call Method {"instance":{"Abya\\PointOfSales\\Middlewares\\AuthMiddleware":[]},"methodName":"checkSession","args":[]}
Pass auth middleware 
User Authenticated :  {"data":{"id":3,"name":"abya admin","email":"abyaadmin@gmail.com","phone":"087765290292","nip":"00000000003","role":"Admin"}}
Call Method {"instance":{"Abya\\PointOfSales\\Controllers\\ProductController":[]},"methodName":"index","args":[[]]}
Index Products Page {"find":[{"id":1,"name":"Biskuit Roma Kelapa 300g","price":"12000.00","discount":"0.00","barcode":"8991001101234","category_id":1,"category":"Makanan","stock_qty":50,"is_active":1,"cost_price":"8500.00","tax_rate":"0.10"},{"id":2,"name":"Chitato BBQ 68g","price":"9500.00","discount":"0.05","barcode":"8998866201234","category_id":1,"category":"Makanan","stock_qty":30,"is_active":1,"cost_price":"7000.00","tax_rate":"0.10"},{"id":3,"name":"Aqua Botol 600ml","price":"4000.00","discount":"0.00","barcode":"8998765432101","category_id":2,"category":"Minuman","stock_qty":100,"is_active":1,"cost_price":"2500.00","tax_rate":"0.10"},{"id":4,"name":"Teh Botol Sosro 450ml","price":"5000.00","discount":"0.00","barcode":"8992711234567","category_id":2,"category":"Minuman","stock_qty":70,"is_active":1,"cost_price":"3200.00","tax_rate":"0.10"},{"id":5,"name":"Sabun Cuci Piring Sunlight 755ml","price":"14500.00","discount":"0.05","barcode":"8999264832","category_id":3,"category":"Perlengkapan Rumah","stock_qty":40,"is_active":1,"cost_price":"11000.00","tax_rate":"0.12"},{"id":6,"name":"Lampu LED Philips 10W","price":"29000.00","discount":"0.00","barcode":"8998765987654","category_id":4,"category":"Elektronik","stock_qty":20,"is_active":1,"cost_price":"22000.00","tax_rate":"0.10"},{"id":7,"name":"Shampoo Pantene 180ml","price":"23000.00","discount":"0.13","barcode":"8999991122334","category_id":5,"category":"Perawatan Pribadi","stock_qty":25,"is_active":1,"cost_price":"17000.00","tax_rate":"0.10"},{"id":8,"name":"NIVEA MEN Extra Bright 50ml","price":"25000.00","discount":"0.08","barcode":"8999777888350","category_id":5,"category":"Perawatan Pribadi","stock_qty":53,"is_active":1,"cost_price":"15000.00","tax_rate":"0.10"},{"id":9,"name":"Gatsby Powder Clay Unbrekable smooth 20g","price":"49000.00","discount":"0.01","barcode":"899222205670","category_id":6,"category":"Hair Styling","stock_qty":75,"is_active":1,"cost_price":"45000.00","tax_rate":"0.12"},{"id":10,"name":"Nourishing Pomade 40g","price":"28000.00","discount":"0.00","barcode":"878908907090","category_id":6,"category":"Hair Styling","stock_qty":45,"is_active":1,"cost_price":"25000.00","tax_rate":"0.00"},{"id":11,"name":"Vaseline Repairing Jelly","price":"35700.00","discount":"0.02","barcode":"899999502942","category_id":5,"category":"Perawatan Pribadi","stock_qty":90,"is_active":1,"cost_price":"33000.00","tax_rate":"0.10"}]}
Request Entry Point:  {"method":"GET","path":"","query":[]}
WebRoutes:  {"method":"GET","path":"","query":[]}
handleRoutes with :  {"method":"GET","path":"","query":[]}
Call Method {"instance":{"Abya\\PointOfSales\\Controllers\\DashboardController":[]},"methodName":"index","args":[[]]}
Get Dashboard Page 
Request Entry Point:  {"method":"GET","path":"api/config","query":[]}
Request Entry Point:  {"method":"GET","path":"api/products","query":[]}
ApiRoutes:  {"method":"GET","path":"api/config","query":[]}
handleRoutes with :  {"method":"GET","path":"api/config","query":[]}
ApiRoutes:  {"method":"GET","path":"api/products","query":[]}
handleRoutes with :  {"method":"GET","path":"api/products","query":[]}
Call Method {"instance":{"Abya\\PointOfSales\\Controllers\\ConfigController":[]},"methodName":"config","args":[[]]}
Call Method {"instance":{"Abya\\PointOfSales\\Middlewares\\AuthMiddleware":[]},"methodName":"checkSession","args":[]}
Pass auth middleware 
User Authenticated :  {"data":{"id":3,"name":"abya admin","email":"abyaadmin@gmail.com","phone":"087765290292","nip":"00000000003","role":"Admin"}}
Call Method {"instance":{"Abya\\PointOfSales\\Controllers\\ProductController":[]},"methodName":"getProducts","args":[[]]}
Request Entry Point:  {"method":"GET","path":"products","query":[]}
WebRoutes:  {"method":"GET","path":"products","query":[]}
handleRoutes with :  {"method":"GET","path":"products","query":[]}
Call Method {"instance":{"Abya\\PointOfSales\\Middlewares\\AuthMiddleware":[]},"methodName":"checkSession","args":[]}
Pass auth middleware 
User Authenticated :  {"data":{"id":3,"name":"abya admin","email":"abyaadmin@gmail.com","phone":"087765290292","nip":"00000000003","role":"Admin"}}
Call Method {"instance":{"Abya\\PointOfSales\\Controllers\\ProductController":[]},"methodName":"get","args":[[]]}
Get Products Page {"find":[{"id":1,"name":"Biskuit Roma Kelapa 300g","price":"12000.00","discount":"0.00","barcode":"8991001101234","category_id":1,"category":"Makanan","stock_qty":50,"is_active":1,"cost_price":"8500.00","tax_rate":"0.10"},{"id":2,"name":"Chitato BBQ 68g","price":"9500.00","discount":"0.05","barcode":"8998866201234","category_id":1,"category":"Makanan","stock_qty":30,"is_active":1,"cost_price":"7000.00","tax_rate":"0.10"},{"id":3,"name":"Aqua Botol 600ml","price":"4000.00","discount":"0.00","barcode":"8998765432101","category_id":2,"category":"Minuman","stock_qty":100,"is_active":1,"cost_price":"2500.00","tax_rate":"0.10"},{"id":4,"name":"Teh Botol Sosro 450ml","price":"5000.00","discount":"0.00","barcode":"8992711234567","category_id":2,"category":"Minuman","stock_qty":70,"is_active":1,"cost_price":"3200.00","tax_rate":"0.10"},{"id":5,"name":"Sabun Cuci Piring Sunlight 755ml","price":"14500.00","discount":"0.05","barcode":"8999264832","category_id":3,"category":"Perlengkapan Rumah","stock_qty":40,"is_active":1,"cost_price":"11000.00","tax_rate":"0.12"},{"id":6,"name":"Lampu LED Philips 10W","price":"29000.00","discount":"0.00","barcode":"8998765987654","category_id":4,"category":"Elektronik","stock_qty":20,"is_active":1,"cost_price":"22000.00","tax_rate":"0.10"},{"id":7,"name":"Shampoo Pantene 180ml","price":"23000.00","discount":"0.13","barcode":"8999991122334","category_id":5,"category":"Perawatan Pribadi","stock_qty":25,"is_active":1,"cost_price":"17000.00","tax_rate":"0.10"},{"id":8,"name":"NIVEA MEN Extra Bright 50ml","price":"25000.00","discount":"0.08","barcode":"8999777888350","category_id":5,"category":"Perawatan Pribadi","stock_qty":53,"is_active":1,"cost_price":"15000.00","tax_rate":"0.10"},{"id":9,"name":"Gatsby Powder Clay Unbrekable smooth 20g","price":"49000.00","discount":"0.01","barcode":"899222205670","category_id":6,"category":"Hair Styling","stock_qty":75,"is_active":1,"cost_price":"45000.00","tax_rate":"0.12"},{"id":10,"name":"Nourishing Pomade 40g","price":"28000.00","discount":"0.00","barcode":"878908907090","category_id":6,"category":"Hair Styling","stock_qty":45,"is_active":1,"cost_price":"25000.00","tax_rate":"0.00"},{"id":11,"name":"Vaseline Repairing Jelly","price":"35700.00","discount":"0.02","barcode":"899999502942","category_id":5,"category":"Perawatan Pribadi","stock_qty":90,"is_active":1,"cost_price":"33000.00","tax_rate":"0.10"}]}
Request Entry Point:  {"method":"GET","path":"","query":[]}
WebRoutes:  {"method":"GET","path":"","query":[]}
handleRoutes with :  {"method":"GET","path":"","query":[]}
Call Method {"instance":{"Abya\\PointOfSales\\Controllers\\DashboardController":[]},"methodName":"index","args":[[]]}
Get Dashboard Page 
Request Entry Point:  {"method":"GET","path":"api/products","query":[]}
ApiRoutes:  {"method":"GET","path":"api/products","query":[]}
handleRoutes with :  {"method":"GET","path":"api/products","query":[]}
Request Entry Point:  {"method":"GET","path":"api/config","query":[]}
Call Method {"instance":{"Abya\\PointOfSales\\Middlewares\\AuthMiddleware":[]},"methodName":"checkSession","args":[]}
Pass auth middleware 
ApiRoutes:  {"method":"GET","path":"api/config","query":[]}
handleRoutes with :  {"method":"GET","path":"api/config","query":[]}
Call Method {"instance":{"Abya\\PointOfSales\\Controllers\\ConfigController":[]},"methodName":"config","args":[[]]}
User Authenticated :  {"data":{"id":3,"name":"abya admin","email":"abyaadmin@gmail.com","phone":"087765290292","nip":"00000000003","role":"Admin"}}
Call Method {"instance":{"Abya\\PointOfSales\\Controllers\\ProductController":[]},"methodName":"getProducts","args":[[]]}
Request Entry Point:  {"method":"GET","path":"products/create","query":[]}
WebRoutes:  {"method":"GET","path":"products/create","query":[]}
handleRoutes with :  {"method":"GET","path":"products/create","query":[]}
Call Method {"instance":{"Abya\\PointOfSales\\Middlewares\\AuthMiddleware":[]},"methodName":"checkSession","args":[]}
Pass auth middleware 
User Authenticated :  {"data":{"id":3,"name":"abya admin","email":"abyaadmin@gmail.com","phone":"087765290292","nip":"00000000003","role":"Admin"}}
Call Method {"instance":{"Abya\\PointOfSales\\Controllers\\ProductController":[]},"methodName":"create","args":[[]]}
Create Products Page 
Request Entry Point:  {"method":"GET","path":"","query":[]}
WebRoutes:  {"method":"GET","path":"","query":[]}
handleRoutes with :  {"method":"GET","path":"","query":[]}
Call Method {"instance":{"Abya\\PointOfSales\\Controllers\\DashboardController":[]},"methodName":"index","args":[[]]}
Get Dashboard Page 
Request Entry Point:  {"method":"GET","path":"api/config","query":[]}
ApiRoutes:  {"method":"GET","path":"api/config","query":[]}
handleRoutes with :  {"method":"GET","path":"api/config","query":[]}
Call Method {"instance":{"Abya\\PointOfSales\\Controllers\\ConfigController":[]},"methodName":"config","args":[[]]}
Request Entry Point:  {"method":"GET","path":"api/products","query":[]}
ApiRoutes:  {"method":"GET","path":"api/products","query":[]}
handleRoutes with :  {"method":"GET","path":"api/products","query":[]}
Call Method {"instance":{"Abya\\PointOfSales\\Middlewares\\AuthMiddleware":[]},"methodName":"checkSession","args":[]}
Pass auth middleware 
Request Entry Point:  {"method":"GET","path":"api/product/category/NaN","query":[]}
ApiRoutes:  {"method":"GET","path":"api/product/category/NaN","query":[]}
handleRoutes with :  {"method":"GET","path":"api/product/category/NaN","query":[]}
User Authenticated :  {"data":{"id":3,"name":"abya admin","email":"abyaadmin@gmail.com","phone":"087765290292","nip":"00000000003","role":"Admin"}}
Call Method {"instance":{"Abya\\PointOfSales\\Controllers\\ProductController":[]},"methodName":"getProducts","args":[[]]}
Request Entry Point:  {"method":"GET","path":"api/product/categories","query":[]}
ApiRoutes:  {"method":"GET","path":"api/product/categories","query":[]}
handleRoutes with :  {"method":"GET","path":"api/product/categories","query":[]}
Call Method {"instance":{"Abya\\PointOfSales\\Middlewares\\AuthMiddleware":[]},"methodName":"checkSession","args":[]}
Pass auth middleware 
User Authenticated :  {"data":{"id":3,"name":"abya admin","email":"abyaadmin@gmail.com","phone":"087765290292","nip":"00000000003","role":"Admin"}}
Call Method {"instance":{"Abya\\PointOfSales\\Controllers\\ProductController":[]},"methodName":"getCategories","args":[[]]}
Request Entry Point:  {"method":"GET","path":"transaction","query":[]}
WebRoutes:  {"method":"GET","path":"transaction","query":[]}
handleRoutes with :  {"method":"GET","path":"transaction","query":[]}
Call Method {"instance":{"Abya\\PointOfSales\\Middlewares\\AuthMiddleware":[]},"methodName":"checkSession","args":[]}
Pass auth middleware 
User Authenticated :  {"data":{"id":3,"name":"abya admin","email":"abyaadmin@gmail.com","phone":"087765290292","nip":"00000000003","role":"Admin"}}
Call Method {"instance":{"Abya\\PointOfSales\\Controllers\\TransactionController":[]},"methodName":"index","args":[[]]}
Get Transaction Page 
Request Entry Point:  {"method":"GET","path":"","query":[]}
WebRoutes:  {"method":"GET","path":"","query":[]}
handleRoutes with :  {"method":"GET","path":"","query":[]}
Call Method {"instance":{"Abya\\PointOfSales\\Controllers\\DashboardController":[]},"methodName":"index","args":[[]]}
Get Dashboard Page 
Request Entry Point:  {"method":"GET","path":"api/config","query":[]}
ApiRoutes:  {"method":"GET","path":"api/config","query":[]}
handleRoutes with :  {"method":"GET","path":"api/config","query":[]}
Call Method {"instance":{"Abya\\PointOfSales\\Controllers\\ConfigController":[]},"methodName":"config","args":[[]]}
Request Entry Point:  {"method":"GET","path":"api/session","query":[]}
ApiRoutes:  {"method":"GET","path":"api/session","query":[]}
handleRoutes with :  {"method":"GET","path":"api/session","query":[]}
Call Method {"instance":{"Abya\\PointOfSales\\Middlewares\\AuthMiddleware":[]},"methodName":"checkSession","args":[]}
Pass auth middleware 
User Authenticated :  {"data":{"id":3,"name":"abya admin","email":"abyaadmin@gmail.com","phone":"087765290292","nip":"00000000003","role":"Admin"}}
Call Method {"instance":{"Abya\\PointOfSales\\Controllers\\AuthController":[]},"methodName":"getUserSession","args":[[]]}
Get User Session {"data":{"id":3,"name":"abya admin","email":"abyaadmin@gmail.com","nip":"00000000003","phone":"087765290292","password":"c980806539effac27d4b938deada573ec54a3e4c713b6514dbcc4b942c684a2e","created_at":"2025-04-10 11:23:17","updated_at":"2025-04-10 11:23:17"}}
Request Entry Point:  {"method":"GET","path":"inventaris","query":[]}
WebRoutes:  {"method":"GET","path":"inventaris","query":[]}
handleRoutes with :  {"method":"GET","path":"inventaris","query":[]}
Call Method {"instance":{"Abya\\PointOfSales\\Middlewares\\AuthMiddleware":[]},"methodName":"checkSession","args":[]}
Pass auth middleware 
User Authenticated :  {"data":{"id":3,"name":"abya admin","email":"abyaadmin@gmail.com","phone":"087765290292","nip":"00000000003","role":"Admin"}}
Call Method {"instance":{"Abya\\PointOfSales\\Controllers\\InventarisController":[]},"methodName":"index","args":[[]]}
Get Inventaris Page 
Request Entry Point:  {"method":"GET","path":"","query":[]}
WebRoutes:  {"method":"GET","path":"","query":[]}
handleRoutes with :  {"method":"GET","path":"","query":[]}
Call Method {"instance":{"Abya\\PointOfSales\\Controllers\\DashboardController":[]},"methodName":"index","args":[[]]}
Get Dashboard Page 
Request Entry Point:  {"method":"GET","path":"api/config","query":[]}
ApiRoutes:  {"method":"GET","path":"api/config","query":[]}
handleRoutes with :  {"method":"GET","path":"api/config","query":[]}
Call Method {"instance":{"Abya\\PointOfSales\\Controllers\\ConfigController":[]},"methodName":"config","args":[[]]}
Request Entry Point:  {"method":"GET","path":"karyawans","query":[]}
WebRoutes:  {"method":"GET","path":"karyawans","query":[]}
handleRoutes with :  {"method":"GET","path":"karyawans","query":[]}
Call Method {"instance":{"Abya\\PointOfSales\\Middlewares\\AuthMiddleware":[]},"methodName":"checkSession","args":[]}
Pass auth middleware 
User Authenticated :  {"data":{"id":3,"name":"abya admin","email":"abyaadmin@gmail.com","phone":"087765290292","nip":"00000000003","role":"Admin"}}
Call Method {"instance":{"Abya\\PointOfSales\\Controllers\\KaryawanController":[]},"methodName":"index","args":[[]]}
Get Karyawan Page 
Request Entry Point:  {"method":"GET","path":"","query":[]}
WebRoutes:  {"method":"GET","path":"","query":[]}
handleRoutes with :  {"method":"GET","path":"","query":[]}
Call Method {"instance":{"Abya\\PointOfSales\\Controllers\\DashboardController":[]},"methodName":"index","args":[[]]}
Get Dashboard Page 
Request Entry Point:  {"method":"GET","path":"api/config","query":[]}
ApiRoutes:  {"method":"GET","path":"api/config","query":[]}
handleRoutes with :  {"method":"GET","path":"api/config","query":[]}
Call Method {"instance":{"Abya\\PointOfSales\\Controllers\\ConfigController":[]},"methodName":"config","args":[[]]}
Request Entry Point:  {"method":"GET","path":"karyawans","query":[]}
WebRoutes:  {"method":"GET","path":"karyawans","query":[]}
handleRoutes with :  {"method":"GET","path":"karyawans","query":[]}
Call Method {"instance":{"Abya\\PointOfSales\\Middlewares\\AuthMiddleware":[]},"methodName":"checkSession","args":[]}
Pass auth middleware 
User Authenticated :  {"data":{"id":3,"name":"abya admin","email":"abyaadmin@gmail.com","phone":"087765290292","nip":"00000000003","role":"Admin"}}
Call Method {"instance":{"Abya\\PointOfSales\\Controllers\\KaryawanController":[]},"methodName":"index","args":[[]]}
Get Karyawan Page 
Request Entry Point:  {"method":"GET","path":"","query":[]}
WebRoutes:  {"method":"GET","path":"","query":[]}
handleRoutes with :  {"method":"GET","path":"","query":[]}
Call Method {"instance":{"Abya\\PointOfSales\\Controllers\\DashboardController":[]},"methodName":"index","args":[[]]}
Get Dashboard Page 
Request Entry Point:  {"method":"GET","path":"api/config","query":[]}
ApiRoutes:  {"method":"GET","path":"api/config","query":[]}
handleRoutes with :  {"method":"GET","path":"api/config","query":[]}
Call Method {"instance":{"Abya\\PointOfSales\\Controllers\\ConfigController":[]},"methodName":"config","args":[[]]}
Request Entry Point:  {"method":"GET","path":"transaction","query":[]}
WebRoutes:  {"method":"GET","path":"transaction","query":[]}
handleRoutes with :  {"method":"GET","path":"transaction","query":[]}
Call Method {"instance":{"Abya\\PointOfSales\\Middlewares\\AuthMiddleware":[]},"methodName":"checkSession","args":[]}
Pass auth middleware 
User Authenticated :  {"data":{"id":3,"name":"abya admin","email":"abyaadmin@gmail.com","phone":"087765290292","nip":"00000000003","role":"Admin"}}
Call Method {"instance":{"Abya\\PointOfSales\\Controllers\\TransactionController":[]},"methodName":"index","args":[[]]}
Get Transaction Page 
Request Entry Point:  {"method":"GET","path":"","query":[]}
WebRoutes:  {"method":"GET","path":"","query":[]}
handleRoutes with :  {"method":"GET","path":"","query":[]}
Call Method {"instance":{"Abya\\PointOfSales\\Controllers\\DashboardController":[]},"methodName":"index","args":[[]]}
Get Dashboard Page 
Request Entry Point:  {"method":"GET","path":"api/config","query":[]}
ApiRoutes:  {"method":"GET","path":"api/config","query":[]}
handleRoutes with :  {"method":"GET","path":"api/config","query":[]}
Call Method {"instance":{"Abya\\PointOfSales\\Controllers\\ConfigController":[]},"methodName":"config","args":[[]]}
Request Entry Point:  {"method":"POST","path":"api/logout","query":[]}
ApiRoutes:  {"method":"POST","path":"api/logout","query":[]}
handleRoutes with :  {"method":"POST","path":"api/logout","query":[]}
Call Method {"instance":{"Abya\\PointOfSales\\Middlewares\\AuthMiddleware":[]},"methodName":"checkSession","args":[]}
Pass auth middleware 
User Authenticated :  {"data":{"id":3,"name":"abya admin","email":"abyaadmin@gmail.com","phone":"087765290292","nip":"00000000003","role":"Admin"}}
Call Method {"instance":{"Abya\\PointOfSales\\Controllers\\AuthController":[]},"methodName":"logout","args":[[]]}
Request Entry Point:  {"method":"GET","path":"login","query":[]}
WebRoutes:  {"method":"GET","path":"login","query":[]}
handleRoutes with :  {"method":"GET","path":"login","query":[]}
Call Method {"instance":{"Abya\\PointOfSales\\Controllers\\AuthController":[]},"methodName":"loginView","args":[[]]}
Request Entry Point:  {"method":"GET","path":"login","query":[]}
WebRoutes:  {"method":"GET","path":"login","query":[]}
handleRoutes with :  {"method":"GET","path":"login","query":[]}
Call Method {"instance":{"Abya\\PointOfSales\\Controllers\\AuthController":[]},"methodName":"loginView","args":[[]]}
Request Entry Point:  {"method":"POST","path":"api/login","query":[]}
ApiRoutes:  {"method":"POST","path":"api/login","query":[]}
handleRoutes with :  {"method":"POST","path":"api/login","query":[]}
Call Method {"instance":{"Abya\\PointOfSales\\Controllers\\AuthController":[]},"methodName":"login","args":[[]]}
Masuk Login Controller 
Masuk Login Service {"email":"abyaadmin@gmail.com","password":"abya-admin"}
User Data {"data":{"id":3,"name":"abya admin","email":"abyaadmin@gmail.com","nip":"00000000003","phone":"087765290292","password":"c980806539effac27d4b938deada573ec54a3e4c713b6514dbcc4b942c684a2e","created_at":"2025-04-10 11:23:17","updated_at":"2025-04-10 11:23:17"}}
Services: Login berhasil 
Controller: Login berhasil 
Request Entry Point:  {"method":"GET","path":"transaction","query":[]}
WebRoutes:  {"method":"GET","path":"transaction","query":[]}
handleRoutes with :  {"method":"GET","path":"transaction","query":[]}
Call Method {"instance":{"Abya\\PointOfSales\\Middlewares\\AuthMiddleware":[]},"methodName":"checkSession","args":[]}
Pass auth middleware 
User Authenticated :  {"data":{"id":3,"name":"abya admin","email":"abyaadmin@gmail.com","phone":"087765290292","nip":"00000000003","role":"Admin"}}
Call Method {"instance":{"Abya\\PointOfSales\\Controllers\\TransactionController":[]},"methodName":"index","args":[[]]}
Get Transaction Page 
Request Entry Point:  {"method":"GET","path":"transaction","query":[]}
WebRoutes:  {"method":"GET","path":"transaction","query":[]}
handleRoutes with :  {"method":"GET","path":"transaction","query":[]}
Call Method {"instance":{"Abya\\PointOfSales\\Middlewares\\AuthMiddleware":[]},"methodName":"checkSession","args":[]}
Pass auth middleware 
User Authenticated :  {"data":{"id":3,"name":"abya admin","email":"abyaadmin@gmail.com","phone":"087765290292","nip":"00000000003","role":"Admin"}}
Call Method {"instance":{"Abya\\PointOfSales\\Controllers\\TransactionController":[]},"methodName":"index","args":[[]]}
Get Transaction Page 
Request Entry Point:  {"method":"GET","path":"","query":[]}
WebRoutes:  {"method":"GET","path":"","query":[]}
handleRoutes with :  {"method":"GET","path":"","query":[]}
Call Method {"instance":{"Abya\\PointOfSales\\Controllers\\DashboardController":[]},"methodName":"index","args":[[]]}
Get Dashboard Page 
Request Entry Point:  {"method":"GET","path":"api/config","query":[]}
ApiRoutes:  {"method":"GET","path":"api/config","query":[]}
handleRoutes with :  {"method":"GET","path":"api/config","query":[]}
Call Method {"instance":{"Abya\\PointOfSales\\Controllers\\ConfigController":[]},"methodName":"config","args":[[]]}
Request Entry Point:  {"method":"GET","path":"dashboard","query":[]}
WebRoutes:  {"method":"GET","path":"dashboard","query":[]}
handleRoutes with :  {"method":"GET","path":"dashboard","query":[]}
Call Method {"instance":{"Abya\\PointOfSales\\Middlewares\\AuthMiddleware":[]},"methodName":"checkSession","args":[]}
Pass auth middleware 
User Authenticated :  {"data":{"id":3,"name":"abya admin","email":"abyaadmin@gmail.com","phone":"087765290292","nip":"00000000003","role":"Admin"}}
Call Method {"instance":{"Abya\\PointOfSales\\Controllers\\DashboardController":[]},"methodName":"dashboard","args":[[]]}
Get Dashboard Page 
Request Entry Point:  {"method":"GET","path":"","query":[]}
WebRoutes:  {"method":"GET","path":"","query":[]}
handleRoutes with :  {"method":"GET","path":"","query":[]}
Call Method {"instance":{"Abya\\PointOfSales\\Controllers\\DashboardController":[]},"methodName":"index","args":[[]]}
Get Dashboard Page 
Request Entry Point:  {"method":"GET","path":"api/config","query":[]}
ApiRoutes:  {"method":"GET","path":"api/config","query":[]}
handleRoutes with :  {"method":"GET","path":"api/config","query":[]}
Call Method {"instance":{"Abya\\PointOfSales\\Controllers\\ConfigController":[]},"methodName":"config","args":[[]]}
Request Entry Point:  {"method":"GET","path":"transaction","query":[]}
WebRoutes:  {"method":"GET","path":"transaction","query":[]}
handleRoutes with :  {"method":"GET","path":"transaction","query":[]}
Call Method {"instance":{"Abya\\PointOfSales\\Middlewares\\AuthMiddleware":[]},"methodName":"checkSession","args":[]}
Pass auth middleware 
User Authenticated :  {"data":{"id":3,"name":"abya admin","email":"abyaadmin@gmail.com","phone":"087765290292","nip":"00000000003","role":"Admin"}}
Call Method {"instance":{"Abya\\PointOfSales\\Controllers\\TransactionController":[]},"methodName":"index","args":[[]]}
Get Transaction Page 
Request Entry Point:  {"method":"GET","path":"","query":[]}
WebRoutes:  {"method":"GET","path":"","query":[]}
handleRoutes with :  {"method":"GET","path":"","query":[]}
Call Method {"instance":{"Abya\\PointOfSales\\Controllers\\DashboardController":[]},"methodName":"index","args":[[]]}
Get Dashboard Page 
Request Entry Point:  {"method":"GET","path":"api/config","query":[]}
ApiRoutes:  {"method":"GET","path":"api/config","query":[]}
handleRoutes with :  {"method":"GET","path":"api/config","query":[]}
Call Method {"instance":{"Abya\\PointOfSales\\Controllers\\ConfigController":[]},"methodName":"config","args":[[]]}
Request Entry Point:  {"method":"GET","path":"api/session","query":[]}
ApiRoutes:  {"method":"GET","path":"api/session","query":[]}
handleRoutes with :  {"method":"GET","path":"api/session","query":[]}
Call Method {"instance":{"Abya\\PointOfSales\\Middlewares\\AuthMiddleware":[]},"methodName":"checkSession","args":[]}
Pass auth middleware 
User Authenticated :  {"data":{"id":3,"name":"abya admin","email":"abyaadmin@gmail.com","phone":"087765290292","nip":"00000000003","role":"Admin"}}
Call Method {"instance":{"Abya\\PointOfSales\\Controllers\\AuthController":[]},"methodName":"getUserSession","args":[[]]}
Get User Session {"data":{"id":3,"name":"abya admin","email":"abyaadmin@gmail.com","nip":"00000000003","phone":"087765290292","password":"c980806539effac27d4b938deada573ec54a3e4c713b6514dbcc4b942c684a2e","created_at":"2025-04-10 11:23:17","updated_at":"2025-04-10 11:23:17"}}
Request Entry Point:  {"method":"GET","path":"suppliers","query":[]}
WebRoutes:  {"method":"GET","path":"suppliers","query":[]}
handleRoutes with :  {"method":"GET","path":"suppliers","query":[]}
Call Method {"instance":{"Abya\\PointOfSales\\Middlewares\\AuthMiddleware":[]},"methodName":"checkSession","args":[]}
Pass auth middleware 
User Authenticated :  {"data":{"id":3,"name":"abya admin","email":"abyaadmin@gmail.com","phone":"087765290292","nip":"00000000003","role":"Admin"}}
Call Method {"instance":{"Abya\\PointOfSales\\Controllers\\SupplierController":[]},"methodName":"index","args":[[]]}
Get Supplier Page 
Request Entry Point:  {"method":"GET","path":"","query":[]}
WebRoutes:  {"method":"GET","path":"","query":[]}
handleRoutes with :  {"method":"GET","path":"","query":[]}
Call Method {"instance":{"Abya\\PointOfSales\\Controllers\\DashboardController":[]},"methodName":"index","args":[[]]}
Get Dashboard Page 
Request Entry Point:  {"method":"GET","path":"api/config","query":[]}
ApiRoutes:  {"method":"GET","path":"api/config","query":[]}
handleRoutes with :  {"method":"GET","path":"api/config","query":[]}
Call Method {"instance":{"Abya\\PointOfSales\\Controllers\\ConfigController":[]},"methodName":"config","args":[[]]}
Request Entry Point:  {"method":"GET","path":"members","query":[]}
WebRoutes:  {"method":"GET","path":"members","query":[]}
handleRoutes with :  {"method":"GET","path":"members","query":[]}
Call Method {"instance":{"Abya\\PointOfSales\\Middlewares\\AuthMiddleware":[]},"methodName":"checkSession","args":[]}
Pass auth middleware 
User Authenticated :  {"data":{"id":3,"name":"abya admin","email":"abyaadmin@gmail.com","phone":"087765290292","nip":"00000000003","role":"Admin"}}
Call Method {"instance":{"Abya\\PointOfSales\\Controllers\\MemberController":[]},"methodName":"index","args":[[]]}
Get Member Page 
Request Entry Point:  {"method":"GET","path":"","query":[]}
WebRoutes:  {"method":"GET","path":"","query":[]}
handleRoutes with :  {"method":"GET","path":"","query":[]}
Call Method {"instance":{"Abya\\PointOfSales\\Controllers\\DashboardController":[]},"methodName":"index","args":[[]]}
Get Dashboard Page 
Request Entry Point:  {"method":"GET","path":"api/config","query":[]}
ApiRoutes:  {"method":"GET","path":"api/config","query":[]}
handleRoutes with :  {"method":"GET","path":"api/config","query":[]}
Call Method {"instance":{"Abya\\PointOfSales\\Controllers\\ConfigController":[]},"methodName":"config","args":[[]]}
Request Entry Point:  {"method":"GET","path":"transaction","query":[]}
WebRoutes:  {"method":"GET","path":"transaction","query":[]}
handleRoutes with :  {"method":"GET","path":"transaction","query":[]}
Call Method {"instance":{"Abya\\PointOfSales\\Middlewares\\AuthMiddleware":[]},"methodName":"checkSession","args":[]}
Pass auth middleware 
User Authenticated :  {"data":{"id":3,"name":"abya admin","email":"abyaadmin@gmail.com","phone":"087765290292","nip":"00000000003","role":"Admin"}}
Call Method {"instance":{"Abya\\PointOfSales\\Controllers\\TransactionController":[]},"methodName":"index","args":[[]]}
Get Transaction Page 
Request Entry Point:  {"method":"GET","path":"","query":[]}
WebRoutes:  {"method":"GET","path":"","query":[]}
handleRoutes with :  {"method":"GET","path":"","query":[]}
Call Method {"instance":{"Abya\\PointOfSales\\Controllers\\DashboardController":[]},"methodName":"index","args":[[]]}
Get Dashboard Page 
Request Entry Point:  {"method":"GET","path":"api/config","query":[]}
ApiRoutes:  {"method":"GET","path":"api/config","query":[]}
handleRoutes with :  {"method":"GET","path":"api/config","query":[]}
Call Method {"instance":{"Abya\\PointOfSales\\Controllers\\ConfigController":[]},"methodName":"config","args":[[]]}
